# JRE version: Java(TM) SE Runtime Environment (11.0.6+8) (build 11.0.6+8-LTS)
# Java VM: Java HotSpot(TM) 64-Bit Server VM (11.0.6+8-LTS, mixed mode, tiered, compressed oops, g1 gc, bsd-amd64)
Heap:
 garbage-first heap   total 262144K, used 61811K [0x0000000700000000, 0x0000000800000000)
  region size 1024K, 49 young (50176K), 11 survivors (11264K)
 Metaspace       used 47508K, capacity 49122K, committed 49180K, reserved 1091584K
  class space    used 5784K, capacity 6507K, committed 6528K, reserved 1048576K
GC Heap History (10 events):
Event: 2.059 GC heap before
{Heap before GC invocations=1 (full 0):
 garbage-first heap   total 262144K, used 14494K [0x0000000700000000, 0x0000000800000000)
  region size 1024K, 14 young (14336K), 3 survivors (3072K)
 Metaspace       used 20521K, capacity 20964K, committed 21296K, reserved 1069056K
  class space    used 2170K, capacity 2352K, committed 2432K, reserved 1048576K
}
Event: 2.062 GC heap after
{Heap after GC invocations=2 (full 0):
 garbage-first heap   total 262144K, used 5727K [0x0000000700000000, 0x0000000800000000)
  region size 1024K, 5 young (5120K), 5 survivors (5120K)
 Metaspace       used 20521K, capacity 20964K, committed 21296K, reserved 1069056K
  class space    used 2170K, capacity 2352K, committed 2432K, reserved 1048576K
}
Event: 4.249 GC heap before
{Heap before GC invocations=3 (full 0):
 garbage-first heap   total 262144K, used 43615K [0x0000000700000000, 0x0000000800000000)
  region size 1024K, 41 young (41984K), 5 survivors (5120K)
 Metaspace       used 30197K, capacity 31092K, committed 31408K, reserved 1077248K
  class space    used 3626K, capacity 4028K, committed 4096K, reserved 1048576K
}
Event: 4.255 GC heap after
{Heap after GC invocations=4 (full 0):
 garbage-first heap   total 262144K, used 12077K [0x0000000700000000, 0x0000000800000000)
  region size 1024K, 6 young (6144K), 6 survivors (6144K)
 Metaspace       used 30197K, capacity 31092K, committed 31408K, reserved 1077248K
  class space    used 3626K, capacity 4028K, committed 4096K, reserved 1048576K
}
Event: 8.090 GC heap before
{Heap before GC invocations=4 (full 0):
 garbage-first heap   total 262144K, used 32557K [0x0000000700000000, 0x0000000800000000)
  region size 1024K, 27 young (27648K), 6 survivors (6144K)
 Metaspace       used 34763K, capacity 35773K, committed 35888K, reserved 1081344K
  class space    used 4308K, capacity 4730K, committed 4736K, reserved 1048576K
}
Event: 8.096 GC heap after
{Heap after GC invocations=5 (full 0):
 garbage-first heap   total 262144K, used 15922K [0x0000000700000000, 0x0000000800000000)
  region size 1024K, 8 young (8192K), 8 survivors (8192K)
 Metaspace       used 34763K, capacity 35773K, committed 35888K, reserved 1081344K
  class space    used 4308K, capacity 4730K, committed 4736K, reserved 1048576K
}
Event: 81.221 GC heap before
{Heap before GC invocations=6 (full 0):
 garbage-first heap   total 262144K, used 93746K [0x0000000700000000, 0x0000000800000000)
  region size 1024K, 77 young (78848K), 8 survivors (8192K)
 Metaspace       used 39104K, capacity 40470K, committed 40732K, reserved 1085440K
  class space    used 4818K, capacity 5412K, committed 5504K, reserved 1048576K
}
Event: 81.230 GC heap after
{Heap after GC invocations=7 (full 0):
 garbage-first heap   total 262144K, used 20084K [0x0000000700000000, 0x0000000800000000)
  region size 1024K, 7 young (7168K), 7 survivors (7168K)
 Metaspace       used 39104K, capacity 40470K, committed 40732K, reserved 1085440K
  class space    used 4818K, capacity 5412K, committed 5504K, reserved 1048576K
}
Event: 658.731 GC heap before
{Heap before GC invocations=7 (full 0):
 garbage-first heap   total 262144K, used 124532K [0x0000000700000000, 0x0000000800000000)
  region size 1024K, 109 young (111616K), 7 survivors (7168K)
 Metaspace       used 47477K, capacity 49098K, committed 49180K, reserved 1091584K
  class space    used 5779K, capacity 6499K, committed 6528K, reserved 1048576K
}
Event: 658.744 GC heap after
{Heap after GC invocations=8 (full 0):
 garbage-first heap   total 262144K, used 23923K [0x0000000700000000, 0x0000000800000000)
  region size 1024K, 11 young (11264K), 11 survivors (11264K)
 Metaspace       used 47477K, capacity 49098K, committed 49180K, reserved 1091584K
  class space    used 5779K, capacity 6499K, committed 6528K, reserved 1048576K
}

