# JRE version: Java(TM) SE Runtime Environment (11.0.6+8) (build 11.0.6+8-LTS)
# Java VM: Java HotSpot(TM) 64-Bit Server VM (11.0.6+8-LTS, mixed mode, tiered, compressed oops, g1 gc, bsd-amd64)
Heap:
 garbage-first heap   total 262144K, used 37405K [0x0000000700000000, 0x0000000800000000)
  region size 1024K, 33 young (33792K), 7 survivors (7168K)
 Metaspace       used 42090K, capacity 43428K, committed 43600K, reserved 1087488K
  class space    used 5236K, capacity 5850K, committed 5888K, reserved 1048576K
GC Heap History (8 events):
Event: 1.115 GC heap before
{Heap before GC invocations=0 (full 0):
 garbage-first heap   total 262144K, used 23552K [0x0000000700000000, 0x0000000800000000)
  region size 1024K, 24 young (24576K), 0 survivors (0K)
 Metaspace       used 14556K, capacity 15024K, committed 15360K, reserved 1062912K
  class space    used 1533K, capacity 1715K, committed 1792K, reserved 1048576K
}
Event: 1.120 GC heap after
{Heap after GC invocations=1 (full 0):
 garbage-first heap   total 262144K, used 3897K [0x0000000700000000, 0x0000000800000000)
  region size 1024K, 3 young (3072K), 3 survivors (3072K)
 Metaspace       used 14556K, capacity 15024K, committed 15360K, reserved 1062912K
  class space    used 1533K, capacity 1715K, committed 1792K, reserved 1048576K
}
Event: 1.838 GC heap before
{Heap before GC invocations=1 (full 0):
 garbage-first heap   total 262144K, used 14137K [0x0000000700000000, 0x0000000800000000)
  region size 1024K, 14 young (14336K), 3 survivors (3072K)
 Metaspace       used 20463K, capacity 20996K, committed 21296K, reserved 1069056K
  class space    used 2151K, capacity 2384K, committed 2432K, reserved 1048576K
}
Event: 1.842 GC heap after
{Heap after GC invocations=2 (full 0):
 garbage-first heap   total 262144K, used 5943K [0x0000000700000000, 0x0000000800000000)
  region size 1024K, 5 young (5120K), 5 survivors (5120K)
 Metaspace       used 20463K, capacity 20996K, committed 21296K, reserved 1069056K
  class space    used 2151K, capacity 2384K, committed 2432K, reserved 1048576K
}
Event: 2.552 GC heap before
{Heap before GC invocations=3 (full 0):
 garbage-first heap   total 262144K, used 28471K [0x0000000700000000, 0x0000000800000000)
  region size 1024K, 28 young (28672K), 5 survivors (5120K)
 Metaspace       used 26849K, capacity 27574K, committed 27696K, reserved 1073152K
  class space    used 3106K, capacity 3417K, committed 3456K, reserved 1048576K
}
Event: 2.557 GC heap after
{Heap after GC invocations=4 (full 0):
 garbage-first heap   total 262144K, used 8596K [0x0000000700000000, 0x0000000800000000)
  region size 1024K, 4 young (4096K), 4 survivors (4096K)
 Metaspace       used 26849K, capacity 27574K, committed 27696K, reserved 1073152K
  class space    used 3106K, capacity 3417K, committed 3456K, reserved 1048576K
}
Event: 12.864 GC heap before
{Heap before GC invocations=4 (full 0):
 garbage-first heap   total 262144K, used 28052K [0x0000000700000000, 0x0000000800000000)
  region size 1024K, 22 young (22528K), 4 survivors (4096K)
 Metaspace       used 34865K, capacity 35748K, committed 35920K, reserved 1081344K
  class space    used 4118K, capacity 4544K, committed 4608K, reserved 1048576K
}
Event: 12.868 GC heap after
{Heap after GC invocations=5 (full 0):
 garbage-first heap   total 262144K, used 12829K [0x0000000700000000, 0x0000000800000000)
  region size 1024K, 7 young (7168K), 7 survivors (7168K)
 Metaspace       used 34865K, capacity 35748K, committed 35920K, reserved 1081344K
  class space    used 4118K, capacity 4544K, committed 4608K, reserved 1048576K
}

